2019-07-14 20:22:42.581 DEBUG [62254] [logwrap::logEngineType@74] Using engine type RND
2019-07-14 20:22:42.581 DEBUG [62254] [logwrap::logPlayerDetails@90] Player Info: X: 3 Y: 3 MovPos: 0 MovDir: 8 is_moving: 0 is_waiting: 0 move_delay: 0 
2019-07-14 20:22:42.581 DEBUG [62254] [logwrap::logBoardState@116] Board state at step: 0
  105   105   105   105     0   105   105   105   105   105 
  105   105   105   105     0   105   105   105   105   105 
  105   105   105   105     0   105   105   105   105   105 
  105   105   105     0     0   105   105   105   105   105 
  105   105   105   105   360   105   105   105   105   105 
  105   105   105   105     0   105   105   105   105   105 
  105   105   105     0     0   105   105   105   105   105 
  105   105   105   105     0   105   105   105   105   105 
  105   105   105   105     0   105   105   105   105   105 
  105   105   105   105     0   105   105   105   105   105 
  105   105   105   105   360   105   105   105   105   105 
  105   105   105   105     0     0   107   105   105   105 
  105   105   105   105     0   105   105   105   105   105 
  105   105   105   105   105   105   105   105   105   105 

2019-07-14 20:22:42.581 DEBUG [62254] [logwrap::logBoardDistances@146] Board distances:
   -1    -1    -1    -1    13    -1    -1    -1    -1    -1 
   -1    -1    -1    -1    12    -1    -1    -1    -1    -1 
   -1    -1    -1    -1    11    -1    -1    -1    -1    -1 
   -1    -1    -1    11    10    -1    -1    -1    -1    -1 
   -1    -1    -1    -1     9    -1    -1    -1    -1    -1 
   -1    -1    -1    -1     8    -1    -1    -1    -1    -1 
   -1    -1    -1     8     7    -1    -1    -1    -1    -1 
   -1    -1    -1    -1     6    -1    -1    -1    -1    -1 
   -1    -1    -1    -1     5    -1    -1    -1    -1    -1 
   -1    -1    -1    -1     4    -1    -1    -1    -1    -1 
   -1    -1    -1    -1     3    -1    -1    -1    -1    -1 
   -1    -1    -1    -1     2     1     0    -1    -1    -1 
   -1    -1    -1    -1     3    -1    -1    -1    -1    -1 
   -1    -1    -1    -1    -1    -1    -1    -1    -1    -1 

2019-07-14 20:22:42.583 DEBUG [62254] [MCTS::reset@148] noop noop noop noop noop noop noop noop 
2019-07-14 20:22:42.583 DEBUG [62254] [logwrap::logPlayerDetails@90] Player Info: X: 3 Y: 3 MovPos: 0 MovDir: 8 is_moving: 0 is_waiting: 1 move_delay: 0 
2019-07-14 20:22:42.584 DEBUG [62254] [Controller::getAction@66] Resetting MCTS tree.
2019-07-14 20:22:42.584 DEBUG [62254] [MCTS::run@188] State before MCTS
2019-07-14 20:22:42.584 DEBUG [62254] [logwrap::logPlayerDetails@90] Player Info: X: 3 Y: 3 MovPos: 0 MovDir: 8 is_moving: 0 is_waiting: 1 move_delay: 0 
2019-07-14 20:22:42.584 DEBUG [62254] [logwrap::logBoardState@116] Board state at step: 0
  105   105   105   105     0   105   105   105   105   105 
  105   105   105   105     0   105   105   105   105   105 
  105   105   105   105     0   105   105   105   105   105 
  105   105   105     0   360   105   105   105   105   105 
  105   105   105   105     0   105   105   105   105   105 
  105   105   105   105     0   105   105   105   105   105 
  105   105   105     0     0   105   105   105   105   105 
  105   105   105   105     0   105   105   105   105   105 
  105   105   105   105     0   105   105   105   105   105 
  105   105   105   105   360   105   105   105   105   105 
  105   105   105   105     0   105   105   105   105   105 
  105   105   105   105     0     0   107   105   105   105 
  105   105   105   105     0   105   105   105   105   105 
  105   105   105   105   105   105   105   105   105   105 

2019-07-14 20:22:42.585 DEBUG [62254] [MCTS::run@212] Time remaining: 17897
2019-07-14 20:22:42.585 DEBUG [62254] [MCTS::run@215] Current number of expanded nodes: 0, simulated nodes: 0
2019-07-14 20:22:42.587 DEBUG [62254] [MCTS::run@212] Time remaining: 15663
2019-07-14 20:22:42.587 DEBUG [62254] [MCTS::run@215] Current number of expanded nodes: 1, simulated nodes: 0
2019-07-14 20:22:42.596 DEBUG [62254] [MCTS::run@212] Time remaining: 6409
2019-07-14 20:22:42.596 DEBUG [62254] [MCTS::run@215] Current number of expanded nodes: 2, simulated nodes: 85
2019-07-14 20:22:42.603 DEBUG [62254] [MCTS::run@321] action: right value: -0.916667 visit count: 1
action: noop value: -0.906667 visit count: 2

2019-07-14 20:22:42.603 ERROR [62254] [Controller::getAction@86] Controller sending action: noop
2019-07-14 20:22:42.603 DEBUG [62254] [logwrap::logPlayerDetails@90] Player Info: X: 3 Y: 3 MovPos: 0 MovDir: 8 is_moving: 0 is_waiting: 0 move_delay: 0 
2019-07-14 20:22:42.603 DEBUG [62254] [logwrap::logBoardState@116] Board state at step: 0
  105   105   105   105     0   105   105   105   105   105 
  105   105   105   105     0   105   105   105   105   105 
  105   105   105   105     0   105   105   105   105   105 
  105   105   105     0     0   105   105   105   105   105 
  105   105   105   105   360   105   105   105   105   105 
  105   105   105   105     0   105   105   105   105   105 
  105   105   105     0     0   105   105   105   105   105 
  105   105   105   105     0   105   105   105   105   105 
  105   105   105   105     0   105   105   105   105   105 
  105   105   105   105     0   105   105   105   105   105 
  105   105   105   105   360   105   105   105   105   105 
  105   105   105   105     0     0   107   105   105   105 
  105   105   105   105     0   105   105   105   105   105 
  105   105   105   105   105   105   105   105   105   105 

2019-07-14 20:22:42.605 DEBUG [62254] [MCTS::run@188] State before MCTS
2019-07-14 20:22:42.605 DEBUG [62254] [logwrap::logPlayerDetails@90] Player Info: X: 3 Y: 3 MovPos: 0 MovDir: 8 is_moving: 0 is_waiting: 1 move_delay: 0 
2019-07-14 20:22:42.605 DEBUG [62254] [logwrap::logBoardState@116] Board state at step: 1
  105   105   105   105     0   105   105   105   105   105 
  105   105   105   105     0   105   105   105   105   105 
  105   105   105   105     0   105   105   105   105   105 
  105   105   105     0   360   105   105   105   105   105 
  105   105   105   105     0   105   105   105   105   105 
  105   105   105   105     0   105   105   105   105   105 
  105   105   105     0     0   105   105   105   105   105 
  105   105   105   105     0   105   105   105   105   105 
  105   105   105   105     0   105   105   105   105   105 
  105   105   105   105   360   105   105   105   105   105 
  105   105   105   105     0   105   105   105   105   105 
  105   105   105   105     0     0   107   105   105   105 
  105   105   105   105     0   105   105   105   105   105 
  105   105   105   105   105   105   105   105   105   105 

2019-07-14 20:22:42.605 DEBUG [62254] [MCTS::run@212] Time remaining: 17884
2019-07-14 20:22:42.605 DEBUG [62254] [MCTS::run@215] Current number of expanded nodes: 3, simulated nodes: 139
2019-07-14 20:22:42.608 DEBUG [62254] [MCTS::run@212] Time remaining: 15309
2019-07-14 20:22:42.608 DEBUG [62254] [MCTS::run@215] Current number of expanded nodes: 3, simulated nodes: 139
2019-07-14 20:22:42.616 DEBUG [62254] [MCTS::run@212] Time remaining: 7459
2019-07-14 20:22:42.616 DEBUG [62254] [MCTS::run@215] Current number of expanded nodes: 4, simulated nodes: 213
2019-07-14 20:22:42.618 DEBUG [62254] [MCTS::run@212] Time remaining: 5186
2019-07-14 20:22:42.618 DEBUG [62254] [MCTS::run@215] Current number of expanded nodes: 4, simulated nodes: 213
2019-07-14 20:22:42.623 DEBUG [62254] [MCTS::run@321] action: right value: -0.916667 visit count: 3
action: noop value: -0.906667 visit count: 4

2019-07-14 20:22:42.624 ERROR [62254] [Controller::getAction@86] Controller sending action: noop
2019-07-14 20:22:42.624 DEBUG [62254] [logwrap::logPlayerDetails@90] Player Info: X: 3 Y: 3 MovPos: 0 MovDir: 8 is_moving: 0 is_waiting: 1 move_delay: 0 
2019-07-14 20:22:42.624 DEBUG [62254] [logwrap::logBoardState@116] Board state at step: 1
  105   105   105   105     0   105   105   105   105   105 
  105   105   105   105     0   105   105   105   105   105 
  105   105   105   105     0   105   105   105   105   105 
  105   105   105     0  1296   105   105   105   105   105 
  105   105   105   105   360   105   105   105   105   105 
  105   105   105   105     0   105   105   105   105   105 
  105   105   105     0     0   105   105   105   105   105 
  105   105   105   105     0   105   105   105   105   105 
  105   105   105   105     0   105   105   105   105   105 
  105   105   105   105  1296   105   105   105   105   105 
  105   105   105   105   360   105   105   105   105   105 
  105   105   105   105     0     0   107   105   105   105 
  105   105   105   105     0   105   105   105   105   105 
  105   105   105   105   105   105   105   105   105   105 

2019-07-14 20:22:42.806 DEBUG [62254] [MCTS::run@188] State before MCTS
2019-07-14 20:22:42.806 DEBUG [62254] [logwrap::logPlayerDetails@90] Player Info: X: 3 Y: 3 MovPos: 0 MovDir: 8 is_moving: 0 is_waiting: 1 move_delay: 0 
2019-07-14 20:22:42.806 DEBUG [62254] [logwrap::logBoardState@116] Board state at step: 2
  105   105   105   105     0   105   105   105   105   105 
  105   105   105   105     0   105   105   105   105   105 
  105   105   105   105     0   105   105   105   105   105 
  105   105   105     0   360   105   105   105   105   105 
  105   105   105   105     0   105   105   105   105   105 
  105   105   105   105     0   105   105   105   105   105 
  105   105   105     0     0   105   105   105   105   105 
  105   105   105   105     0   105   105   105   105   105 
  105   105   105   105     0   105   105   105   105   105 
  105   105   105   105   360   105   105   105   105   105 
  105   105   105   105     0   105   105   105   105   105 
  105   105   105   105     0     0   107   105   105   105 
  105   105   105   105     0   105   105   105   105   105 
  105   105   105   105   105   105   105   105   105   105 

2019-07-14 20:22:42.807 DEBUG [62254] [MCTS::run@212] Time remaining: 17873
2019-07-14 20:22:42.807 DEBUG [62254] [MCTS::run@215] Current number of expanded nodes: 5, simulated nodes: 262
2019-07-14 20:22:42.809 DEBUG [62254] [MCTS::run@212] Time remaining: 15236
2019-07-14 20:22:42.809 DEBUG [62254] [MCTS::run@215] Current number of expanded nodes: 5, simulated nodes: 262
2019-07-14 20:22:42.815 DEBUG [62254] [MCTS::run@212] Time remaining: 9483
2019-07-14 20:22:42.815 DEBUG [62254] [MCTS::run@215] Current number of expanded nodes: 6, simulated nodes: 307
2019-07-14 20:22:42.817 DEBUG [62254] [MCTS::run@212] Time remaining: 7114
2019-07-14 20:22:42.817 DEBUG [62254] [MCTS::run@215] Current number of expanded nodes: 6, simulated nodes: 307
2019-07-14 20:22:42.825 DEBUG [62254] [MCTS::run@321] action: right value: -0.916667 visit count: 5
action: noop value: -0.906667 visit count: 6

2019-07-14 20:22:42.826 ERROR [62254] [Controller::getAction@86] Controller sending action: noop
2019-07-14 20:22:42.826 DEBUG [62254] [logwrap::logPlayerDetails@90] Player Info: X: 3 Y: 3 MovPos: 0 MovDir: 8 is_moving: 0 is_waiting: 1 move_delay: 0 
2019-07-14 20:22:42.826 DEBUG [62254] [logwrap::logBoardState@116] Board state at step: 2
  105   105   105   105     0   105   105   105   105   105 
  105   105   105   105     0   105   105   105   105   105 
  105   105   105   105     0   105   105   105   105   105 
  105   105   105     0  1296   105   105   105   105   105 
  105   105   105   105   360   105   105   105   105   105 
  105   105   105   105     0   105   105   105   105   105 
  105   105   105     0     0   105   105   105   105   105 
  105   105   105   105     0   105   105   105   105   105 
  105   105   105   105     0   105   105   105   105   105 
  105   105   105   105  1296   105   105   105   105   105 
  105   105   105   105   360   105   105   105   105   105 
  105   105   105   105     0     0   107   105   105   105 
  105   105   105   105     0   105   105   105   105   105 
  105   105   105   105   105   105   105   105   105   105 

2019-07-14 20:22:43.007 DEBUG [62254] [MCTS::run@188] State before MCTS
2019-07-14 20:22:43.007 DEBUG [62254] [logwrap::logPlayerDetails@90] Player Info: X: 3 Y: 3 MovPos: 0 MovDir: 8 is_moving: 0 is_waiting: 1 move_delay: 0 
2019-07-14 20:22:43.008 DEBUG [62254] [logwrap::logBoardState@116] Board state at step: 3
  105   105   105   105     0   105   105   105   105   105 
  105   105   105   105     0   105   105   105   105   105 
  105   105   105   105     0   105   105   105   105   105 
  105   105   105     0   360   105   105   105   105   105 
  105   105   105   105     0   105   105   105   105   105 
  105   105   105   105     0   105   105   105   105   105 
  105   105   105     0     0   105   105   105   105   105 
  105   105   105   105     0   105   105   105   105   105 
  105   105   105   105     0   105   105   105   105   105 
  105   105   105   105   360   105   105   105   105   105 
  105   105   105   105     0   105   105   105   105   105 
  105   105   105   105     0     0   107   105   105   105 
  105   105   105   105     0   105   105   105   105   105 
  105   105   105   105   105   105   105   105   105   105 

2019-07-14 20:22:43.008 DEBUG [62254] [MCTS::run@212] Time remaining: 17851
2019-07-14 20:22:43.008 DEBUG [62254] [MCTS::run@215] Current number of expanded nodes: 7, simulated nodes: 373
2019-07-14 20:22:43.010 DEBUG [62254] [MCTS::run@212] Time remaining: 15276
2019-07-14 20:22:43.010 DEBUG [62254] [MCTS::run@215] Current number of expanded nodes: 7, simulated nodes: 373
2019-07-14 20:22:43.016 DEBUG [62254] [MCTS::run@212] Time remaining: 9866
2019-07-14 20:22:43.016 DEBUG [62254] [MCTS::run@215] Current number of expanded nodes: 8, simulated nodes: 406
2019-07-14 20:22:43.018 DEBUG [62254] [MCTS::run@212] Time remaining: 7353
2019-07-14 20:22:43.018 DEBUG [62254] [MCTS::run@215] Current number of expanded nodes: 8, simulated nodes: 406
2019-07-14 20:22:43.023 DEBUG [62254] [MCTS::run@212] Time remaining: 2049
2019-07-14 20:22:43.024 DEBUG [62254] [MCTS::run@215] Current number of expanded nodes: 9, simulated nodes: 438
2019-07-14 20:22:43.026 DEBUG [62254] [MCTS::run@321] action: right value: -0.916667 visit count: 8
action: noop value: -0.909167 visit count: 8

2019-07-14 20:22:43.026 ERROR [62254] [Controller::getAction@86] Controller sending action: noop
2019-07-14 20:22:43.026 DEBUG [62254] [logwrap::logPlayerDetails@90] Player Info: X: 3 Y: 3 MovPos: 0 MovDir: 8 is_moving: 0 is_waiting: 1 move_delay: 0 
2019-07-14 20:22:43.026 DEBUG [62254] [logwrap::logBoardState@116] Board state at step: 3
  105   105   105   105     0   105   105   105   105   105 
  105   105   105   105     0   105   105   105   105   105 
  105   105   105   105     0   105   105   105   105   105 
  105   105   105     0  1296   105   105   105   105   105 
  105   105   105   105   360   105   105   105   105   105 
  105   105   105   105     0   105   105   105   105   105 
  105   105   105     0     0   105   105   105   105   105 
  105   105   105   105     0   105   105   105   105   105 
  105   105   105   105     0   105   105   105   105   105 
  105   105   105   105  1296   105   105   105   105   105 
  105   105   105   105   360   105   105   105   105   105 
  105   105   105   105     0     0   107   105   105   105 
  105   105   105   105     0   105   105   105   105   105 
  105   105   105   105   105   105   105   105   105   105 

2019-07-14 20:22:43.205 DEBUG [62254] [MCTS::run@188] State before MCTS
2019-07-14 20:22:43.205 DEBUG [62254] [logwrap::logPlayerDetails@90] Player Info: X: 3 Y: 3 MovPos: 0 MovDir: 8 is_moving: 0 is_waiting: 1 move_delay: 0 
2019-07-14 20:22:43.205 DEBUG [62254] [logwrap::logBoardState@116] Board state at step: 4
  105   105   105   105     0   105   105   105   105   105 
  105   105   105   105     0   105   105   105   105   105 
  105   105   105   105     0   105   105   105   105   105 
  105   105   105     0   360   105   105   105   105   105 
  105   105   105   105     0   105   105   105   105   105 
  105   105   105   105     0   105   105   105   105   105 
  105   105   105     0     0   105   105   105   105   105 
  105   105   105   105     0   105   105   105   105   105 
  105   105   105   105     0   105   105   105   105   105 
  105   105   105   105   360   105   105   105   105   105 
  105   105   105   105     0   105   105   105   105   105 
  105   105   105   105     0     0   107   105   105   105 
  105   105   105   105     0   105   105   105   105   105 
  105   105   105   105   105   105   105   105   105   105 

2019-07-14 20:22:43.206 DEBUG [62254] [MCTS::run@212] Time remaining: 17881
2019-07-14 20:22:43.206 DEBUG [62254] [MCTS::run@215] Current number of expanded nodes: 9, simulated nodes: 438
2019-07-14 20:22:43.212 DEBUG [62254] [MCTS::run@212] Time remaining: 11198
2019-07-14 20:22:43.212 DEBUG [62254] [MCTS::run@215] Current number of expanded nodes: 10, simulated nodes: 487
2019-07-14 20:22:43.214 DEBUG [62254] [MCTS::run@212] Time remaining: 8936
2019-07-14 20:22:43.214 DEBUG [62254] [MCTS::run@215] Current number of expanded nodes: 10, simulated nodes: 487
2019-07-14 20:22:43.219 DEBUG [62254] [MCTS::run@212] Time remaining: 4634
2019-07-14 20:22:43.219 DEBUG [62254] [MCTS::run@215] Current number of expanded nodes: 11, simulated nodes: 514
2019-07-14 20:22:43.221 DEBUG [62254] [MCTS::run@212] Time remaining: 2262
2019-07-14 20:22:43.221 DEBUG [62254] [MCTS::run@215] Current number of expanded nodes: 11, simulated nodes: 514
2019-07-14 20:22:43.229 DEBUG [62254] [MCTS::run@321] action: right value: -0.916667 visit count: 10
action: noop value: -0.909394 visit count: 11

2019-07-14 20:22:43.229 ERROR [62254] [Controller::getAction@86] Controller sending action: noop
2019-07-14 20:22:43.229 DEBUG [62254] [logwrap::logPlayerDetails@90] Player Info: X: 3 Y: 3 MovPos: 0 MovDir: 8 is_moving: 0 is_waiting: 1 move_delay: 0 
2019-07-14 20:22:43.229 DEBUG [62254] [logwrap::logBoardState@116] Board state at step: 4
  105   105   105   105     0   105   105   105   105   105 
  105   105   105   105     0   105   105   105   105   105 
  105   105   105   105     0   105   105   105   105   105 
  105   105   105     0  1296   105   105   105   105   105 
  105   105   105   105   360   105   105   105   105   105 
  105   105   105   105     0   105   105   105   105   105 
  105   105   105     0     0   105   105   105   105   105 
  105   105   105   105     0   105   105   105   105   105 
  105   105   105   105     0   105   105   105   105   105 
  105   105   105   105  1296   105   105   105   105   105 
  105   105   105   105   360   105   105   105   105   105 
  105   105   105   105     0     0   107   105   105   105 
  105   105   105   105     0   105   105   105   105   105 
  105   105   105   105   105   105   105   105   105   105 

2019-07-14 20:22:43.405 DEBUG [62254] [MCTS::run@188] State before MCTS
2019-07-14 20:22:43.405 DEBUG [62254] [logwrap::logPlayerDetails@90] Player Info: X: 3 Y: 3 MovPos: 0 MovDir: 8 is_moving: 0 is_waiting: 1 move_delay: 0 
2019-07-14 20:22:43.405 DEBUG [62254] [logwrap::logBoardState@116] Board state at step: 5
  105   105   105   105     0   105   105   105   105   105 
  105   105   105   105     0   105   105   105   105   105 
  105   105   105   105     0   105   105   105   105   105 
  105   105   105     0   360   105   105   105   105   105 
  105   105   105   105     0   105   105   105   105   105 
  105   105   105   105     0   105   105   105   105   105 
  105   105   105     0     0   105   105   105   105   105 
  105   105   105   105     0   105   105   105   105   105 
  105   105   105   105     0   105   105   105   105   105 
  105   105   105   105   360   105   105   105   105   105 
  105   105   105   105     0   105   105   105   105   105 
  105   105   105   105     0     0   107   105   105   105 
  105   105   105   105     0   105   105   105   105   105 
  105   105   105   105   105   105   105   105   105   105 

2019-07-14 20:22:43.405 DEBUG [62254] [MCTS::run@212] Time remaining: 17881
2019-07-14 20:22:43.405 DEBUG [62254] [MCTS::run@215] Current number of expanded nodes: 12, simulated nodes: 571
2019-07-14 20:22:43.408 DEBUG [62254] [MCTS::run@212] Time remaining: 15457
2019-07-14 20:22:43.408 DEBUG [62254] [MCTS::run@215] Current number of expanded nodes: 12, simulated nodes: 571
2019-07-14 20:22:43.417 DEBUG [62254] [MCTS::run@212] Time remaining: 5948
2019-07-14 20:22:43.417 DEBUG [62254] [MCTS::run@215] Current number of expanded nodes: 13, simulated nodes: 647
2019-07-14 20:22:43.420 DEBUG [62254] [MCTS::run@212] Time remaining: 3460
2019-07-14 20:22:43.420 DEBUG [62254] [MCTS::run@215] Current number of expanded nodes: 13, simulated nodes: 647
2019-07-14 20:22:43.428 DEBUG [62254] [MCTS::run@321] action: right value: -0.916667 visit count: 12
action: noop value: -0.895898 visit count: 13

2019-07-14 20:22:43.428 ERROR [62254] [Controller::getAction@86] Controller sending action: noop
2019-07-14 20:22:43.428 DEBUG [62254] [logwrap::logPlayerDetails@90] Player Info: X: 3 Y: 3 MovPos: 0 MovDir: 8 is_moving: 0 is_waiting: 1 move_delay: 0 
2019-07-14 20:22:43.428 DEBUG [62254] [logwrap::logBoardState@116] Board state at step: 5
  105   105   105   105     0   105   105   105   105   105 
  105   105   105   105     0   105   105   105   105   105 
  105   105   105   105     0   105   105   105   105   105 
  105   105   105     0  1296   105   105   105   105   105 
  105   105   105   105   360   105   105   105   105   105 
  105   105   105   105     0   105   105   105   105   105 
  105   105   105     0     0   105   105   105   105   105 
  105   105   105   105     0   105   105   105   105   105 
  105   105   105   105     0   105   105   105   105   105 
  105   105   105   105  1296   105   105   105   105   105 
  105   105   105   105   360   105   105   105   105   105 
  105   105   105   105     0     0   107   105   105   105 
  105   105   105   105     0   105   105   105   105   105 
  105   105   105   105   105   105   105   105   105   105 

