2019-07-16 00:51:55.083 DEBUG [38670] [testenginespeed::testBfsSpeed@98] Running test: BFS.
2019-07-16 00:51:55.084 DEBUG [38670] [testenginespeed::testBfsSpeed@99] Level: 10
2019-07-16 00:51:56.328 DEBUG [38670] [Controller::getAction@71] Current state before selecting action:
2019-07-16 00:51:56.328 DEBUG [38670] [logwrap::logPlayerDetails@98] Player Info: X: 3 Y: 3 MovPos: 0 MovDir: 8 is_moving: 0 is_waiting: 0 move_delay: 0 
2019-07-16 00:51:56.328 DEBUG [38670] [logwrap::logBoardState@130] Board state at step: 0
  105   105   105   105     0   105   105   105   105   105 
  105   105   105   105     0   105   105   105   105   105 
  105   105   105   105     0   105   105   105   105   105 
  105   105   105    X     0   105   105   105   105   105 
  105   105   105   105   360   105   105   105   105   105 
  105   105   105   105     0   105   105   105   105   105 
  105   105   105     0     0   105   105   105   105   105 
  105   105   105   105     0   105   105   105   105   105 
  105   105   105   105     0   105   105   105   105   105 
  105   105   105   105     0   105   105   105   105   105 
  105   105   105   105   360   105   105   105   105   105 
  105   105   105   105     0     0   107   105   105   105 
  105   105   105   105     0   105   105   105   105   105 
  105   105   105   105   105   105   105   105   105   105 

2019-07-16 00:51:56.328 DEBUG [38670] [logwrap::logMovPosState@140] MovPos at step: 0
    0     0     0     0     0     0     0     0     0     0 
    0     0     0     0     0     0     0     0     0     0 
    0     0     0     0     0     0     0     0     0     0 
    0     0     0    X     0     0     0     0     0     0 
    0     0     0     0     0     0     0     0     0     0 
    0     0     0     0     0     0     0     0     0     0 
    0     0     0     0     0     0     0     0     0     0 
    0     0     0     0     0     0     0     0     0     0 
    0     0     0     0     0     0     0     0     0     0 
    0     0     0     0     0     0     0     0     0     0 
    0     0     0     0     0     0     0     0     0     0 
    0     0     0     0     0     0     0     0     0     0 
    0     0     0     0     0     0     0     0     0     0 
    0     0     0     0     0     0     0     0     0     0 

2019-07-16 00:51:56.329 DEBUG [38670] [logwrap::logMovDirState@150] MovDir at step: 0
    0     0     0     0     0     0     0     0     0     0 
    0     0     0     0     0     0     0     0     0     0 
    0     0     0     0     0     0     0     0     0     0 
    0     0     0    X     0     0     0     0     0     0 
    0     0     0     0     4     0     0     0     0     0 
    0     0     0     0     0     0     0     0     0     0 
    0     0     0     0     0     0     0     0     0     0 
    0     0     0     0     0     0     0     0     0     0 
    0     0     0     0     0     0     0     0     0     0 
    0     0     0     0     0     0     0     0     0     0 
    0     0     0     0     4     0     0     0     0     0 
    0     0     0     0     0     0     0     0     0     0 
    0     0     0     0     0     0     0     0     0     0 
    0     0     0     0     0     0     0     0     0     0 

2019-07-16 00:51:56.329 DEBUG [38670] [BFS::run@39] Starting BFS.
2019-07-16 00:51:56.428 DEBUG [38670] [BFS::run@121] BFS complete.
2019-07-16 00:51:56.428 DEBUG [38670] [BFS::run@139] Solution length: 0
